{}
{}
{}
{
    "exports": {}
}
---
((function (require, exports, module) {
var bundle = { require: require, exports: exports, module: module };
var dataLoader = function (url, done) {
    done(JSON.parse(require("fs").readFileSync(require("path").join("./dist", url), "utf8")));
};
(function e(t,n,r){function s(o,u){if(!n[o]){if(!t[o]){var a=typeof require=="function"&&require;if(!u&&a)return a(o,!0);if(i)return i(o,!0);var f=new Error("Cannot find module '"+o+"'");throw f.code="MODULE_NOT_FOUND",f}var l=n[o]={exports:{}};t[o][0].call(l.exports,function(e){var n=t[o][1][e];return s(n?n:e)},l,l.exports,e,t,n,r)}return n[o].exports}var i=typeof require=="function"&&require;for(var o=0;o<r.length;o++)s(r[o]);return s})({1:[function(require,module,exports){
"use strict";

exports.script_global = {
    foo: "bar"
};

exports.script_global_not_exported = {
    foo: "bar",
    not: "exported"
};

dataLoader("./resources/data.json", function (data) {
    exports.script_global.data = data;
    exports.script_global_not_exported.data = data;
});
},{}]},{},[1]);

})((typeof require !== "undefined" && require) || undefined, (typeof exports !== "undefined" && exports) || undefined, (typeof module !== "undefined" && module) || undefined, ))
